<?xml version="1.0" encoding="UTF-8"?>
<testsuite xmlns:xsi="http://www.w3.org/2001/XMLSchema-instance" xsi:noNamespaceSchemaLocation="https://maven.apache.org/surefire/maven-surefire-plugin/xsd/surefire-test-report.xsd" version="3.0.2" name="TestSuite" time="16.862" tests="134" errors="0" skipped="0" failures="6">
  <properties>
    <property name="java.specification.version" value="21"/>
    <property name="webdriver.chrome.driver" value="C:\Users\momen\.cache\selenium\chromedriver\win64\138.0.7204.168\chromedriver.exe"/>
    <property name="sun.cpu.isalist" value="amd64"/>
    <property name="sun.jnu.encoding" value="Cp1252"/>
    <property name="java.class.path" value="C:\Users\momen\IdeaProjects\final project automation\target\test-classes;C:\Users\momen\IdeaProjects\final project automation\target\classes;C:\Users\momen\.m2\repository\org\seleniumhq\selenium\selenium-java\4.32.0\selenium-java-4.32.0.jar;C:\Users\momen\.m2\repository\org\seleniumhq\selenium\selenium-api\4.32.0\selenium-api-4.32.0.jar;C:\Users\momen\.m2\repository\org\jspecify\jspecify\1.0.0\jspecify-1.0.0.jar;C:\Users\momen\.m2\repository\org\seleniumhq\selenium\selenium-chrome-driver\4.32.0\selenium-chrome-driver-4.32.0.jar;C:\Users\momen\.m2\repository\com\google\auto\service\auto-service-annotations\1.1.1\auto-service-annotations-1.1.1.jar;C:\Users\momen\.m2\repository\org\seleniumhq\selenium\selenium-chromium-driver\4.32.0\selenium-chromium-driver-4.32.0.jar;C:\Users\momen\.m2\repository\org\seleniumhq\selenium\selenium-json\4.32.0\selenium-json-4.32.0.jar;C:\Users\momen\.m2\repository\org\seleniumhq\selenium\selenium-manager\4.32.0\selenium-manager-4.32.0.jar;C:\Users\momen\.m2\repository\org\seleniumhq\selenium\selenium-devtools-v134\4.32.0\selenium-devtools-v134-4.32.0.jar;C:\Users\momen\.m2\repository\org\seleniumhq\selenium\selenium-devtools-v135\4.32.0\selenium-devtools-v135-4.32.0.jar;C:\Users\momen\.m2\repository\org\seleniumhq\selenium\selenium-devtools-v136\4.32.0\selenium-devtools-v136-4.32.0.jar;C:\Users\momen\.m2\repository\org\seleniumhq\selenium\selenium-edge-driver\4.32.0\selenium-edge-driver-4.32.0.jar;C:\Users\momen\.m2\repository\org\seleniumhq\selenium\selenium-firefox-driver\4.32.0\selenium-firefox-driver-4.32.0.jar;C:\Users\momen\.m2\repository\org\seleniumhq\selenium\selenium-http\4.32.0\selenium-http-4.32.0.jar;C:\Users\momen\.m2\repository\org\seleniumhq\selenium\selenium-ie-driver\4.32.0\selenium-ie-driver-4.32.0.jar;C:\Users\momen\.m2\repository\org\seleniumhq\selenium\selenium-remote-driver\4.32.0\selenium-remote-driver-4.32.0.jar;C:\Users\momen\.m2\repository\com\google\guava\guava\33.4.8-jre\guava-33.4.8-jre.jar;C:\Users\momen\.m2\repository\com\google\guava\failureaccess\1.0.3\failureaccess-1.0.3.jar;C:\Users\momen\.m2\repository\com\google\guava\listenablefuture\9999.0-empty-to-avoid-conflict-with-guava\listenablefuture-9999.0-empty-to-avoid-conflict-with-guava.jar;C:\Users\momen\.m2\repository\com\google\errorprone\error_prone_annotations\2.36.0\error_prone_annotations-2.36.0.jar;C:\Users\momen\.m2\repository\com\google\j2objc\j2objc-annotations\3.0.0\j2objc-annotations-3.0.0.jar;C:\Users\momen\.m2\repository\io\opentelemetry\opentelemetry-api\1.49.0\opentelemetry-api-1.49.0.jar;C:\Users\momen\.m2\repository\io\opentelemetry\opentelemetry-context\1.49.0\opentelemetry-context-1.49.0.jar;C:\Users\momen\.m2\repository\io\opentelemetry\opentelemetry-exporter-logging\1.49.0\opentelemetry-exporter-logging-1.49.0.jar;C:\Users\momen\.m2\repository\io\opentelemetry\opentelemetry-sdk-common\1.49.0\opentelemetry-sdk-common-1.49.0.jar;C:\Users\momen\.m2\repository\io\opentelemetry\opentelemetry-sdk-extension-autoconfigure-spi\1.49.0\opentelemetry-sdk-extension-autoconfigure-spi-1.49.0.jar;C:\Users\momen\.m2\repository\io\opentelemetry\opentelemetry-sdk-extension-autoconfigure\1.49.0\opentelemetry-sdk-extension-autoconfigure-1.49.0.jar;C:\Users\momen\.m2\repository\io\opentelemetry\opentelemetry-sdk-trace\1.49.0\opentelemetry-sdk-trace-1.49.0.jar;C:\Users\momen\.m2\repository\io\opentelemetry\opentelemetry-sdk\1.49.0\opentelemetry-sdk-1.49.0.jar;C:\Users\momen\.m2\repository\io\opentelemetry\opentelemetry-sdk-metrics\1.49.0\opentelemetry-sdk-metrics-1.49.0.jar;C:\Users\momen\.m2\repository\io\opentelemetry\opentelemetry-sdk-logs\1.49.0\opentelemetry-sdk-logs-1.49.0.jar;C:\Users\momen\.m2\repository\net\bytebuddy\byte-buddy\1.17.5\byte-buddy-1.17.5.jar;C:\Users\momen\.m2\repository\org\seleniumhq\selenium\selenium-os\4.32.0\selenium-os-4.32.0.jar;C:\Users\momen\.m2\repository\org\apache\commons\commons-exec\1.4.0\commons-exec-1.4.0.jar;C:\Users\momen\.m2\repository\org\seleniumhq\selenium\selenium-safari-driver\4.32.0\selenium-safari-driver-4.32.0.jar;C:\Users\momen\.m2\repository\org\seleniumhq\selenium\selenium-support\4.32.0\selenium-support-4.32.0.jar;C:\Users\momen\.m2\repository\ch\qos\logback\logback-classic\1.4.14\logback-classic-1.4.14.jar;C:\Users\momen\.m2\repository\ch\qos\logback\logback-core\1.4.14\logback-core-1.4.14.jar;C:\Users\momen\.m2\repository\org\slf4j\slf4j-api\2.0.7\slf4j-api-2.0.7.jar;C:\Users\momen\.m2\repository\org\testng\testng\7.10.2\testng-7.10.2.jar;C:\Users\momen\.m2\repository\com\beust\jcommander\1.82\jcommander-1.82.jar;C:\Users\momen\.m2\repository\org\webjars\jquery\3.7.1\jquery-3.7.1.jar;C:\Users\momen\.m2\repository\com\fasterxml\jackson\core\jackson-databind\2.19.1\jackson-databind-2.19.1.jar;C:\Users\momen\.m2\repository\com\fasterxml\jackson\core\jackson-annotations\2.19.1\jackson-annotations-2.19.1.jar;C:\Users\momen\.m2\repository\com\fasterxml\jackson\core\jackson-core\2.19.1\jackson-core-2.19.1.jar;C:\Users\momen\.m2\repository\io\github\bonigarcia\webdrivermanager\5.8.0\webdrivermanager-5.8.0.jar;C:\Users\momen\.m2\repository\com\google\code\gson\gson\2.10.1\gson-2.10.1.jar;C:\Users\momen\.m2\repository\com\github\docker-java\docker-java\3.3.6\docker-java-3.3.6.jar;C:\Users\momen\.m2\repository\com\github\docker-java\docker-java-core\3.3.6\docker-java-core-3.3.6.jar;C:\Users\momen\.m2\repository\com\github\docker-java\docker-java-api\3.3.6\docker-java-api-3.3.6.jar;C:\Users\momen\.m2\repository\org\bouncycastle\bcpkix-jdk18on\1.76\bcpkix-jdk18on-1.76.jar;C:\Users\momen\.m2\repository\org\bouncycastle\bcprov-jdk18on\1.76\bcprov-jdk18on-1.76.jar;C:\Users\momen\.m2\repository\org\bouncycastle\bcutil-jdk18on\1.76\bcutil-jdk18on-1.76.jar;C:\Users\momen\.m2\repository\org\slf4j\jcl-over-slf4j\1.7.30\jcl-over-slf4j-1.7.30.jar;C:\Users\momen\.m2\repository\com\github\docker-java\docker-java-transport-httpclient5\3.3.6\docker-java-transport-httpclient5-3.3.6.jar;C:\Users\momen\.m2\repository\com\github\docker-java\docker-java-transport\3.3.6\docker-java-transport-3.3.6.jar;C:\Users\momen\.m2\repository\net\java\dev\jna\jna\5.13.0\jna-5.13.0.jar;C:\Users\momen\.m2\repository\org\brotli\dec\0.1.2\dec-0.1.2.jar;C:\Users\momen\.m2\repository\org\apache\commons\commons-lang3\3.14.0\commons-lang3-3.14.0.jar;C:\Users\momen\.m2\repository\org\apache\commons\commons-compress\1.26.1\commons-compress-1.26.1.jar;C:\Users\momen\.m2\repository\commons-codec\commons-codec\1.16.1\commons-codec-1.16.1.jar;C:\Users\momen\.m2\repository\commons-io\commons-io\2.15.1\commons-io-2.15.1.jar;C:\Users\momen\.m2\repository\org\apache\httpcomponents\client5\httpclient5\5.2.1\httpclient5-5.2.1.jar;C:\Users\momen\.m2\repository\org\apache\httpcomponents\core5\httpcore5\5.2\httpcore5-5.2.jar;C:\Users\momen\.m2\repository\org\apache\httpcomponents\core5\httpcore5-h2\5.2\httpcore5-h2-5.2.jar;C:\Users\momen\.m2\repository\com\aventstack\extentreports\5.1.1\extentreports-5.1.1.jar;C:\Users\momen\.m2\repository\io\reactivex\rxjava3\rxjava\3.1.6\rxjava-3.1.6.jar;C:\Users\momen\.m2\repository\org\reactivestreams\reactive-streams\1.0.4\reactive-streams-1.0.4.jar;C:\Users\momen\.m2\repository\org\freemarker\freemarker\2.3.32\freemarker-2.3.32.jar;C:\Users\momen\.m2\repository\org\projectlombok\lombok\1.18.26\lombok-1.18.26.jar;"/>
    <property name="java.vm.vendor" value="Oracle Corporation"/>
    <property name="sun.arch.data.model" value="64"/>
    <property name="user.variant" value=""/>
    <property name="java.vendor.url" value="https://java.oracle.com/"/>
    <property name="user.timezone" value="Africa/Cairo"/>
    <property name="suiteXmlFile" value="Testng.xml"/>
    <property name="os.name" value="Windows 10"/>
    <property name="java.vm.specification.version" value="21"/>
    <property name="sun.java.launcher" value="SUN_STANDARD"/>
    <property name="user.country" value="US"/>
    <property name="sun.boot.library.path" value="C:\Program Files\Java 21\jdk-21.0.7\bin"/>
    <property name="sun.java.command" value="C:\Users\momen\AppData\Local\Temp\surefire16834662486417733565\surefirebooter-20250724094816816_3.jar C:\Users\momen\AppData\Local\Temp\surefire16834662486417733565 2025-07-24T09-48-16_617-jvmRun1 surefire-20250724094816816_1tmp surefire_0-20250724094816816_2tmp"/>
    <property name="jdk.debug" value="release"/>
    <property name="surefire.test.class.path" value="C:\Users\momen\IdeaProjects\final project automation\target\test-classes;C:\Users\momen\IdeaProjects\final project automation\target\classes;C:\Users\momen\.m2\repository\org\seleniumhq\selenium\selenium-java\4.32.0\selenium-java-4.32.0.jar;C:\Users\momen\.m2\repository\org\seleniumhq\selenium\selenium-api\4.32.0\selenium-api-4.32.0.jar;C:\Users\momen\.m2\repository\org\jspecify\jspecify\1.0.0\jspecify-1.0.0.jar;C:\Users\momen\.m2\repository\org\seleniumhq\selenium\selenium-chrome-driver\4.32.0\selenium-chrome-driver-4.32.0.jar;C:\Users\momen\.m2\repository\com\google\auto\service\auto-service-annotations\1.1.1\auto-service-annotations-1.1.1.jar;C:\Users\momen\.m2\repository\org\seleniumhq\selenium\selenium-chromium-driver\4.32.0\selenium-chromium-driver-4.32.0.jar;C:\Users\momen\.m2\repository\org\seleniumhq\selenium\selenium-json\4.32.0\selenium-json-4.32.0.jar;C:\Users\momen\.m2\repository\org\seleniumhq\selenium\selenium-manager\4.32.0\selenium-manager-4.32.0.jar;C:\Users\momen\.m2\repository\org\seleniumhq\selenium\selenium-devtools-v134\4.32.0\selenium-devtools-v134-4.32.0.jar;C:\Users\momen\.m2\repository\org\seleniumhq\selenium\selenium-devtools-v135\4.32.0\selenium-devtools-v135-4.32.0.jar;C:\Users\momen\.m2\repository\org\seleniumhq\selenium\selenium-devtools-v136\4.32.0\selenium-devtools-v136-4.32.0.jar;C:\Users\momen\.m2\repository\org\seleniumhq\selenium\selenium-edge-driver\4.32.0\selenium-edge-driver-4.32.0.jar;C:\Users\momen\.m2\repository\org\seleniumhq\selenium\selenium-firefox-driver\4.32.0\selenium-firefox-driver-4.32.0.jar;C:\Users\momen\.m2\repository\org\seleniumhq\selenium\selenium-http\4.32.0\selenium-http-4.32.0.jar;C:\Users\momen\.m2\repository\org\seleniumhq\selenium\selenium-ie-driver\4.32.0\selenium-ie-driver-4.32.0.jar;C:\Users\momen\.m2\repository\org\seleniumhq\selenium\selenium-remote-driver\4.32.0\selenium-remote-driver-4.32.0.jar;C:\Users\momen\.m2\repository\com\google\guava\guava\33.4.8-jre\guava-33.4.8-jre.jar;C:\Users\momen\.m2\repository\com\google\guava\failureaccess\1.0.3\failureaccess-1.0.3.jar;C:\Users\momen\.m2\repository\com\google\guava\listenablefuture\9999.0-empty-to-avoid-conflict-with-guava\listenablefuture-9999.0-empty-to-avoid-conflict-with-guava.jar;C:\Users\momen\.m2\repository\com\google\errorprone\error_prone_annotations\2.36.0\error_prone_annotations-2.36.0.jar;C:\Users\momen\.m2\repository\com\google\j2objc\j2objc-annotations\3.0.0\j2objc-annotations-3.0.0.jar;C:\Users\momen\.m2\repository\io\opentelemetry\opentelemetry-api\1.49.0\opentelemetry-api-1.49.0.jar;C:\Users\momen\.m2\repository\io\opentelemetry\opentelemetry-context\1.49.0\opentelemetry-context-1.49.0.jar;C:\Users\momen\.m2\repository\io\opentelemetry\opentelemetry-exporter-logging\1.49.0\opentelemetry-exporter-logging-1.49.0.jar;C:\Users\momen\.m2\repository\io\opentelemetry\opentelemetry-sdk-common\1.49.0\opentelemetry-sdk-common-1.49.0.jar;C:\Users\momen\.m2\repository\io\opentelemetry\opentelemetry-sdk-extension-autoconfigure-spi\1.49.0\opentelemetry-sdk-extension-autoconfigure-spi-1.49.0.jar;C:\Users\momen\.m2\repository\io\opentelemetry\opentelemetry-sdk-extension-autoconfigure\1.49.0\opentelemetry-sdk-extension-autoconfigure-1.49.0.jar;C:\Users\momen\.m2\repository\io\opentelemetry\opentelemetry-sdk-trace\1.49.0\opentelemetry-sdk-trace-1.49.0.jar;C:\Users\momen\.m2\repository\io\opentelemetry\opentelemetry-sdk\1.49.0\opentelemetry-sdk-1.49.0.jar;C:\Users\momen\.m2\repository\io\opentelemetry\opentelemetry-sdk-metrics\1.49.0\opentelemetry-sdk-metrics-1.49.0.jar;C:\Users\momen\.m2\repository\io\opentelemetry\opentelemetry-sdk-logs\1.49.0\opentelemetry-sdk-logs-1.49.0.jar;C:\Users\momen\.m2\repository\net\bytebuddy\byte-buddy\1.17.5\byte-buddy-1.17.5.jar;C:\Users\momen\.m2\repository\org\seleniumhq\selenium\selenium-os\4.32.0\selenium-os-4.32.0.jar;C:\Users\momen\.m2\repository\org\apache\commons\commons-exec\1.4.0\commons-exec-1.4.0.jar;C:\Users\momen\.m2\repository\org\seleniumhq\selenium\selenium-safari-driver\4.32.0\selenium-safari-driver-4.32.0.jar;C:\Users\momen\.m2\repository\org\seleniumhq\selenium\selenium-support\4.32.0\selenium-support-4.32.0.jar;C:\Users\momen\.m2\repository\ch\qos\logback\logback-classic\1.4.14\logback-classic-1.4.14.jar;C:\Users\momen\.m2\repository\ch\qos\logback\logback-core\1.4.14\logback-core-1.4.14.jar;C:\Users\momen\.m2\repository\org\slf4j\slf4j-api\2.0.7\slf4j-api-2.0.7.jar;C:\Users\momen\.m2\repository\org\testng\testng\7.10.2\testng-7.10.2.jar;C:\Users\momen\.m2\repository\com\beust\jcommander\1.82\jcommander-1.82.jar;C:\Users\momen\.m2\repository\org\webjars\jquery\3.7.1\jquery-3.7.1.jar;C:\Users\momen\.m2\repository\com\fasterxml\jackson\core\jackson-databind\2.19.1\jackson-databind-2.19.1.jar;C:\Users\momen\.m2\repository\com\fasterxml\jackson\core\jackson-annotations\2.19.1\jackson-annotations-2.19.1.jar;C:\Users\momen\.m2\repository\com\fasterxml\jackson\core\jackson-core\2.19.1\jackson-core-2.19.1.jar;C:\Users\momen\.m2\repository\io\github\bonigarcia\webdrivermanager\5.8.0\webdrivermanager-5.8.0.jar;C:\Users\momen\.m2\repository\com\google\code\gson\gson\2.10.1\gson-2.10.1.jar;C:\Users\momen\.m2\repository\com\github\docker-java\docker-java\3.3.6\docker-java-3.3.6.jar;C:\Users\momen\.m2\repository\com\github\docker-java\docker-java-core\3.3.6\docker-java-core-3.3.6.jar;C:\Users\momen\.m2\repository\com\github\docker-java\docker-java-api\3.3.6\docker-java-api-3.3.6.jar;C:\Users\momen\.m2\repository\org\bouncycastle\bcpkix-jdk18on\1.76\bcpkix-jdk18on-1.76.jar;C:\Users\momen\.m2\repository\org\bouncycastle\bcprov-jdk18on\1.76\bcprov-jdk18on-1.76.jar;C:\Users\momen\.m2\repository\org\bouncycastle\bcutil-jdk18on\1.76\bcutil-jdk18on-1.76.jar;C:\Users\momen\.m2\repository\org\slf4j\jcl-over-slf4j\1.7.30\jcl-over-slf4j-1.7.30.jar;C:\Users\momen\.m2\repository\com\github\docker-java\docker-java-transport-httpclient5\3.3.6\docker-java-transport-httpclient5-3.3.6.jar;C:\Users\momen\.m2\repository\com\github\docker-java\docker-java-transport\3.3.6\docker-java-transport-3.3.6.jar;C:\Users\momen\.m2\repository\net\java\dev\jna\jna\5.13.0\jna-5.13.0.jar;C:\Users\momen\.m2\repository\org\brotli\dec\0.1.2\dec-0.1.2.jar;C:\Users\momen\.m2\repository\org\apache\commons\commons-lang3\3.14.0\commons-lang3-3.14.0.jar;C:\Users\momen\.m2\repository\org\apache\commons\commons-compress\1.26.1\commons-compress-1.26.1.jar;C:\Users\momen\.m2\repository\commons-codec\commons-codec\1.16.1\commons-codec-1.16.1.jar;C:\Users\momen\.m2\repository\commons-io\commons-io\2.15.1\commons-io-2.15.1.jar;C:\Users\momen\.m2\repository\org\apache\httpcomponents\client5\httpclient5\5.2.1\httpclient5-5.2.1.jar;C:\Users\momen\.m2\repository\org\apache\httpcomponents\core5\httpcore5\5.2\httpcore5-5.2.jar;C:\Users\momen\.m2\repository\org\apache\httpcomponents\core5\httpcore5-h2\5.2\httpcore5-h2-5.2.jar;C:\Users\momen\.m2\repository\com\aventstack\extentreports\5.1.1\extentreports-5.1.1.jar;C:\Users\momen\.m2\repository\io\reactivex\rxjava3\rxjava\3.1.6\rxjava-3.1.6.jar;C:\Users\momen\.m2\repository\org\reactivestreams\reactive-streams\1.0.4\reactive-streams-1.0.4.jar;C:\Users\momen\.m2\repository\org\freemarker\freemarker\2.3.32\freemarker-2.3.32.jar;C:\Users\momen\.m2\repository\org\projectlombok\lombok\1.18.26\lombok-1.18.26.jar;"/>
    <property name="sun.cpu.endian" value="little"/>
    <property name="user.home" value="C:\Users\momen"/>
    <property name="user.language" value="en"/>
    <property name="java.specification.vendor" value="Oracle Corporation"/>
    <property name="java.version.date" value="2025-04-15"/>
    <property name="java.home" value="C:\Program Files\Java 21\jdk-21.0.7"/>
    <property name="file.separator" value="\"/>
    <property name="basedir" value="C:\Users\momen\IdeaProjects\final project automation"/>
    <property name="java.vm.compressedOopsMode" value="Zero based"/>
    <property name="line.separator" value="&#10;"/>
    <property name="java.vm.specification.vendor" value="Oracle Corporation"/>
    <property name="java.specification.name" value="Java Platform API Specification"/>
    <property name="surefire.real.class.path" value="C:\Users\momen\AppData\Local\Temp\surefire16834662486417733565\surefirebooter-20250724094816816_3.jar"/>
    <property name="user.script" value=""/>
    <property name="sun.management.compiler" value="HotSpot 64-Bit Tiered Compilers"/>
    <property name="java.runtime.version" value="21.0.7+8-LTS-245"/>
    <property name="user.name" value="momen"/>
    <property name="stdout.encoding" value="Cp1252"/>
    <property name="path.separator" value=";"/>
    <property name="os.version" value="10.0"/>
    <property name="java.runtime.name" value="Java(TM) SE Runtime Environment"/>
    <property name="file.encoding" value="UTF-8"/>
    <property name="java.vm.name" value="Java HotSpot(TM) 64-Bit Server VM"/>
    <property name="localRepository" value="C:\Users\momen\.m2\repository"/>
    <property name="java.vendor.url.bug" value="https://bugreport.java.com/bugreport/"/>
    <property name="java.io.tmpdir" value="C:\Users\momen\AppData\Local\Temp\"/>
    <property name="java.version" value="21.0.7"/>
    <property name="user.dir" value="C:\Users\momen\IdeaProjects\final project automation"/>
    <property name="os.arch" value="amd64"/>
    <property name="java.vm.specification.name" value="Java Virtual Machine Specification"/>
    <property name="sun.os.patch.level" value=""/>
    <property name="native.encoding" value="Cp1252"/>
    <property name="java.library.path" value="C:\Program Files\Java 21\jdk-21.0.7\bin;C:\Windows\Sun\Java\bin;C:\Windows\system32;C:\Windows;C:\Program Files\Common Files\Oracle\Java\javapath;C:\Windows\system32;C:\Windows;C:\Windows\System32\Wbem;C:\Windows\System32\WindowsPowerShell\v1.0\;C:\Windows\System32\OpenSSH\;C:\gcc_compiler\mingw64_msvcrt-x64_utls\bin_utils;C:\gcc_compiler\mingw64_msvcrt-x64_utls\bin;D:\IMT\work with course\mingw64\bin;C:\Microsoft_VS_Code\Microsoft VS Code\bin;C:\Program Files\dotnet\;C:\Program Files\nodejs\;C:\Program Files (x86)\Microsoft SQL Server\160\Tools\Binn\;C:\Program Files\Microsoft SQL Server\160\Tools\Binn\;C:\Program Files\Microsoft SQL Server\Client SDK\ODBC\170\Tools\Binn\;C:\Program Files\Microsoft SQL Server\160\DTS\Binn\;C:\Program Files (x86)\Microsoft SQL Server\160\DTS\Binn\;C:\Program Files\Git\cmd;C:\Program Files\Maven\apache-maven-3.9.11\bin;C:\Program Files\Maven\apache-maven-3.9.11;C:\Users\momen\AppData\Local\Microsoft\WindowsApps;C:\ffmpeg\bin;C:\Users\momen\AppData\Local\Muse Hub\lib;C:\Users\momen\AppData\Roaming\npm;."/>
    <property name="java.vm.info" value="mixed mode, sharing"/>
    <property name="stderr.encoding" value="Cp1252"/>
    <property name="java.vendor" value="Oracle Corporation"/>
    <property name="java.vm.version" value="21.0.7+8-LTS-245"/>
    <property name="sun.io.unicode.encoding" value="UnicodeLittle"/>
    <property name="java.class.version" value="65.0"/>
  </properties>
  <testcase name="validPasswordAndemptyUsername[{password=secret_sauce, user_Name=standard_user, LoginUrl=https://www.saucedemo.com/v1/index.html, afterLoginUrl=https://www.saucedemo.com/v1/inventory.html}](1)" classname="P01_LoginPageTC" time="0.709">
    <system-out><![CDATA[09:48:17.911 [main] DEBUG org.testng.TestNG -- suiteXmlPath: "C:\Users\momen\IdeaProjects\final project automation\testng.xml"
09:48:18.064 [main] INFO org.testng.internal.Utils -- [XmlSuite] [WARN] 'parallel' value 'false' is no longer valid, defaulting to 'none'.
09:48:19.051 [main] DEBUG io.github.bonigarcia.wdm.WebDriverManager -- Using WebDriverManager 5.8.0
09:48:19.660 [main] DEBUG io.github.bonigarcia.wdm.cache.ResolutionCache -- Resolution chrome=138 in cache (valid until 10:26:07 24/07/2025 EEST)
09:48:19.662 [main] DEBUG io.github.bonigarcia.wdm.cache.ResolutionCache -- Resolution chrome138=138.0.7204.168 in cache (valid until 11:38:42 24/07/2025 EEST)
09:48:19.663 [main] INFO io.github.bonigarcia.wdm.WebDriverManager -- Using chromedriver 138.0.7204.168 (resolved driver for Chrome 138)
09:48:19.702 [main] DEBUG io.github.bonigarcia.wdm.WebDriverManager -- Driver chromedriver 138.0.7204.168 found in cache
09:48:19.703 [main] INFO io.github.bonigarcia.wdm.WebDriverManager -- Exporting webdriver.chrome.driver as C:\Users\momen\.cache\selenium\chromedriver\win64\138.0.7204.168\chromedriver.exe
Starting ChromeDriver...
]]></system-out>
    <system-err><![CDATA[Jul 24, 2025 9:48:21 AM org.openqa.selenium.devtools.CdpVersionFinder findNearestMatch
WARNING: Unable to find an exact match for CDP version 138, returning the closest version; found: 136; Please update to a Selenium version that supports CDP version 138
]]></system-err>
  </testcase>
  <testcase name="validUserNameAndPassword[{password=secret_sauce, user_Name=standard_user, LoginUrl=https://www.saucedemo.com/v1/index.html, afterLoginUrl=https://www.saucedemo.com/v1/inventory.html}](1)" classname="P01_LoginPageTC" time="1.275"/>
  <testcase name="validUserNameAndemptyPassword[{password=secret_sauce, user_Name=standard_user, LoginUrl=https://www.saucedemo.com/v1/index.html, afterLoginUrl=https://www.saucedemo.com/v1/inventory.html}](1)" classname="P01_LoginPageTC" time="0.246"/>
  <testcase name="vlidationLockeUser[{password=secret_sauce, lockedName=locked_out_user, LoginUrl=https://www.saucedemo.com/v1/index.html, afterLoginUrl=https://www.saucedemo.com/v1/index.html}](1)" classname="P01_LoginPageTC" time="0.164"/>
  <testcase name="addToCart[{action=view, productName=Sauce Labs Backpack}](1)" classname="P02_ProductsPageTC" time="0.002"/>
  <testcase name="addToCart[{action=add, productName=Sauce Labs Bike Light}](2)" classname="P02_ProductsPageTC" time="0.116">
    <system-out><![CDATA[0dd itemSauce Labs Bike Light
]]></system-out>
  </testcase>
  <testcase name="addToCart[{action=add, productName=Sauce Labs Fleece Jacket}](3)" classname="P02_ProductsPageTC" time="0.121">
    <system-out><![CDATA[1dd itemSauce Labs Fleece Jacket
]]></system-out>
  </testcase>
  <testcase name="addToCart[{action=add, productName=Sauce Labs Bolt T-Shirt}](4)" classname="P02_ProductsPageTC" time="0.101">
    <system-out><![CDATA[2dd itemSauce Labs Bolt T-Shirt
]]></system-out>
  </testcase>
  <testcase name="addToCart[{action=remove, productName=Sauce Labs Bike Light}](5)" classname="P02_ProductsPageTC" time="0.0"/>
  <testcase name="addToCart[{action=remove, productName=Sauce Labs Fleece Jacket}](6)" classname="P02_ProductsPageTC" time="0.001"/>
  <testcase name="addToCart[{action=view, productName=Sauce Labs Backpack}](7)" classname="P02_ProductsPageTC" time="0.0"/>
  <testcase name="verifyDisplay[{action=view, productName=Sauce Labs Backpack}](1)" classname="P03_CartPageTC" time="0.001"/>
  <testcase name="verifyDisplay[{action=add, productName=Sauce Labs Bike Light}](2)" classname="P03_CartPageTC" time="0.027"/>
  <testcase name="verifyDisplay[{action=add, productName=Sauce Labs Fleece Jacket}](3)" classname="P03_CartPageTC" time="0.025"/>
  <testcase name="verifyDisplay[{action=add, productName=Sauce Labs Bolt T-Shirt}](4)" classname="P03_CartPageTC" time="0.032"/>
  <testcase name="verifyDisplay[{action=remove, productName=Sauce Labs Bike Light}](5)" classname="P03_CartPageTC" time="0.0"/>
  <testcase name="verifyDisplay[{action=remove, productName=Sauce Labs Fleece Jacket}](6)" classname="P03_CartPageTC" time="0.0"/>
  <testcase name="verifyDisplay[{action=view, productName=Sauce Labs Backpack}](7)" classname="P03_CartPageTC" time="0.0"/>
  <testcase name="removeProduct[{action=view, productName=Sauce Labs Backpack}](1)" classname="P03_CartPageTC" time="0.0"/>
  <testcase name="removeProduct[{action=add, productName=Sauce Labs Bike Light}](2)" classname="P03_CartPageTC" time="0.001"/>
  <testcase name="removeProduct[{action=add, productName=Sauce Labs Fleece Jacket}](3)" classname="P03_CartPageTC" time="0.0"/>
  <testcase name="removeProduct[{action=add, productName=Sauce Labs Bolt T-Shirt}](4)" classname="P03_CartPageTC" time="0.001"/>
  <testcase name="removeProduct[{action=remove, productName=Sauce Labs Bike Light}](5)" classname="P03_CartPageTC" time="0.084"/>
  <testcase name="removeProduct[{action=remove, productName=Sauce Labs Fleece Jacket}](6)" classname="P03_CartPageTC" time="0.06"/>
  <testcase name="removeProduct[{action=view, productName=Sauce Labs Backpack}](7)" classname="P03_CartPageTC" time="0.0"/>
  <testcase name="Checkout" classname="P03_CartPageTC" time="0.265"/>
  <testcase name="verifyProductsRemoved[{action=view, productName=Sauce Labs Backpack}](1)" classname="P03_CartPageTC" time="0.087"/>
  <testcase name="verifyProductsRemoved[{action=add, productName=Sauce Labs Bike Light}](2)" classname="P03_CartPageTC" time="0.073"/>
  <testcase name="verifyProductsRemoved[{action=add, productName=Sauce Labs Fleece Jacket}](3)" classname="P03_CartPageTC" time="0.065"/>
  <testcase name="verifyProductsRemoved[{action=add, productName=Sauce Labs Bolt T-Shirt}](4)" classname="P03_CartPageTC" time="0.061"/>
  <testcase name="verifyProductsRemoved[{action=remove, productName=Sauce Labs Bike Light}](5)" classname="P03_CartPageTC" time="0.079"/>
  <testcase name="verifyProductsRemoved[{action=remove, productName=Sauce Labs Fleece Jacket}](6)" classname="P03_CartPageTC" time="0.084"/>
  <testcase name="verifyProductsRemoved[{action=view, productName=Sauce Labs Backpack}](7)" classname="P03_CartPageTC" time="0.068"/>
  <testcase name="continueshopping" classname="P03_CartPageTC" time="0.212"/>
  <testcase name="checkOutEmptyFirstName[{firstName=hossam, lastName=mohamed, type=valid, postalCode=12345, TC=smoke}](1)" classname="P04_CheckoutPageTC" time="0.034"/>
  <testcase name="checkOutEmptyFirstName[{firstName=, lastName=hossam, type=inValid, postalCode=6984, TC=empty_FirstName}](2)" classname="P04_CheckoutPageTC" time="0.343"/>
  <testcase name="checkOutEmptyFirstName[{firstName=standard_user, lastName=, type=inValid, postalCode=5842, TC=empty_LastName}](3)" classname="P04_CheckoutPageTC" time="0.029"/>
  <testcase name="checkOutEmptyFirstName[{firstName=hossam, lastName=mohamed, type=inValid, postalCode=, TC=empty_PostalCode}](4)" classname="P04_CheckoutPageTC" time="0.031"/>
  <testcase name="checkOutEmptyFirstName[{firstName=moh@@, lastName=hossam, type=inValid, postalCode=54545, TC=specialCharacter_FirstName}](5)" classname="P04_CheckoutPageTC" time="0.031"/>
  <testcase name="checkOutEmptyFirstName[{firstName=mohamed, lastName=hossam@@, type=inValid, postalCode=8256, TC=specialCharacter_LastName}](6)" classname="P04_CheckoutPageTC" time="0.032"/>
  <testcase name="checkOutEmptyFirstName[{firstName=mohamed, lastName=hossam, type=inValid, postalCode=589@@, TC=specialCharacter_PostalCode}](7)" classname="P04_CheckoutPageTC" time="0.033"/>
  <testcase name="checkOutEmptyFirstName[{firstName=moh@@, lastName=hossam, type=inValid, postalCode=notValid, TC=alphabeticalCharacter_PostalCode}](8)" classname="P04_CheckoutPageTC" time="0.026"/>
  <testcase name="checkOutEmptyFirstName[{firstName=85215, lastName=hossam, type=inValid, postalCode=12345, TC=numeric_FirstName}](9)" classname="P04_CheckoutPageTC" time="0.031"/>
  <testcase name="checkOutEmptyFirstName[{firstName=hossam, lastName=6789, type=inValid, postalCode=12345, TC=numeric_LastName}](10)" classname="P04_CheckoutPageTC" time="0.031"/>
  <testcase name="checkOutEmptyLastName[{firstName=hossam, lastName=mohamed, type=valid, postalCode=12345, TC=smoke}](1)" classname="P04_CheckoutPageTC" time="0.028"/>
  <testcase name="checkOutEmptyLastName[{firstName=, lastName=hossam, type=inValid, postalCode=6984, TC=empty_FirstName}](2)" classname="P04_CheckoutPageTC" time="0.029"/>
  <testcase name="checkOutEmptyLastName[{firstName=standard_user, lastName=, type=inValid, postalCode=5842, TC=empty_LastName}](3)" classname="P04_CheckoutPageTC" time="0.384"/>
  <testcase name="checkOutEmptyLastName[{firstName=hossam, lastName=mohamed, type=inValid, postalCode=, TC=empty_PostalCode}](4)" classname="P04_CheckoutPageTC" time="0.033"/>
  <testcase name="checkOutEmptyLastName[{firstName=moh@@, lastName=hossam, type=inValid, postalCode=54545, TC=specialCharacter_FirstName}](5)" classname="P04_CheckoutPageTC" time="0.034"/>
  <testcase name="checkOutEmptyLastName[{firstName=mohamed, lastName=hossam@@, type=inValid, postalCode=8256, TC=specialCharacter_LastName}](6)" classname="P04_CheckoutPageTC" time="0.031"/>
  <testcase name="checkOutEmptyLastName[{firstName=mohamed, lastName=hossam, type=inValid, postalCode=589@@, TC=specialCharacter_PostalCode}](7)" classname="P04_CheckoutPageTC" time="0.031"/>
  <testcase name="checkOutEmptyLastName[{firstName=moh@@, lastName=hossam, type=inValid, postalCode=notValid, TC=alphabeticalCharacter_PostalCode}](8)" classname="P04_CheckoutPageTC" time="0.028"/>
  <testcase name="checkOutEmptyLastName[{firstName=85215, lastName=hossam, type=inValid, postalCode=12345, TC=numeric_FirstName}](9)" classname="P04_CheckoutPageTC" time="0.025"/>
  <testcase name="checkOutEmptyLastName[{firstName=hossam, lastName=6789, type=inValid, postalCode=12345, TC=numeric_LastName}](10)" classname="P04_CheckoutPageTC" time="0.025"/>
  <testcase name="checkOutEmptyPostalCode[{firstName=hossam, lastName=mohamed, type=valid, postalCode=12345, TC=smoke}](1)" classname="P04_CheckoutPageTC" time="0.033"/>
  <testcase name="checkOutEmptyPostalCode[{firstName=, lastName=hossam, type=inValid, postalCode=6984, TC=empty_FirstName}](2)" classname="P04_CheckoutPageTC" time="0.035"/>
  <testcase name="checkOutEmptyPostalCode[{firstName=standard_user, lastName=, type=inValid, postalCode=5842, TC=empty_LastName}](3)" classname="P04_CheckoutPageTC" time="0.024"/>
  <testcase name="checkOutEmptyPostalCode[{firstName=hossam, lastName=mohamed, type=inValid, postalCode=, TC=empty_PostalCode}](4)" classname="P04_CheckoutPageTC" time="0.028"/>
  <testcase name="checkOutEmptyPostalCode[{firstName=moh@@, lastName=hossam, type=inValid, postalCode=54545, TC=specialCharacter_FirstName}](5)" classname="P04_CheckoutPageTC" time="0.028"/>
  <testcase name="checkOutEmptyPostalCode[{firstName=mohamed, lastName=hossam@@, type=inValid, postalCode=8256, TC=specialCharacter_LastName}](6)" classname="P04_CheckoutPageTC" time="0.03"/>
  <testcase name="checkOutEmptyPostalCode[{firstName=mohamed, lastName=hossam, type=inValid, postalCode=589@@, TC=specialCharacter_PostalCode}](7)" classname="P04_CheckoutPageTC" time="0.025"/>
  <testcase name="checkOutEmptyPostalCode[{firstName=moh@@, lastName=hossam, type=inValid, postalCode=notValid, TC=alphabeticalCharacter_PostalCode}](8)" classname="P04_CheckoutPageTC" time="0.026"/>
  <testcase name="checkOutEmptyPostalCode[{firstName=85215, lastName=hossam, type=inValid, postalCode=12345, TC=numeric_FirstName}](9)" classname="P04_CheckoutPageTC" time="0.032"/>
  <testcase name="checkOutEmptyPostalCode[{firstName=hossam, lastName=6789, type=inValid, postalCode=12345, TC=numeric_LastName}](10)" classname="P04_CheckoutPageTC" time="0.035"/>
  <testcase name="checkOutValidData[{firstName=hossam, lastName=mohamed, type=valid, postalCode=12345, TC=smoke}](1)" classname="P04_CheckoutPageTC" time="0.52"/>
  <testcase name="checkOutValidData[{firstName=, lastName=hossam, type=inValid, postalCode=6984, TC=empty_FirstName}](2)" classname="P04_CheckoutPageTC" time="0.048"/>
  <testcase name="checkOutValidData[{firstName=standard_user, lastName=, type=inValid, postalCode=5842, TC=empty_LastName}](3)" classname="P04_CheckoutPageTC" time="0.043"/>
  <testcase name="checkOutValidData[{firstName=hossam, lastName=mohamed, type=inValid, postalCode=, TC=empty_PostalCode}](4)" classname="P04_CheckoutPageTC" time="0.034"/>
  <testcase name="checkOutValidData[{firstName=moh@@, lastName=hossam, type=inValid, postalCode=54545, TC=specialCharacter_FirstName}](5)" classname="P04_CheckoutPageTC" time="0.047"/>
  <testcase name="checkOutValidData[{firstName=mohamed, lastName=hossam@@, type=inValid, postalCode=8256, TC=specialCharacter_LastName}](6)" classname="P04_CheckoutPageTC" time="0.03"/>
  <testcase name="checkOutValidData[{firstName=mohamed, lastName=hossam, type=inValid, postalCode=589@@, TC=specialCharacter_PostalCode}](7)" classname="P04_CheckoutPageTC" time="0.034"/>
  <testcase name="checkOutValidData[{firstName=moh@@, lastName=hossam, type=inValid, postalCode=notValid, TC=alphabeticalCharacter_PostalCode}](8)" classname="P04_CheckoutPageTC" time="0.027"/>
  <testcase name="checkOutValidData[{firstName=85215, lastName=hossam, type=inValid, postalCode=12345, TC=numeric_FirstName}](9)" classname="P04_CheckoutPageTC" time="0.026"/>
  <testcase name="checkOutValidData[{firstName=hossam, lastName=6789, type=inValid, postalCode=12345, TC=numeric_LastName}](10)" classname="P04_CheckoutPageTC" time="0.029"/>
  <testcase name="checkOutalnumericFirstName[{firstName=hossam, lastName=mohamed, type=valid, postalCode=12345, TC=smoke}](1)" classname="P04_CheckoutPageTC" time="0.03"/>
  <testcase name="checkOutalnumericFirstName[{firstName=, lastName=hossam, type=inValid, postalCode=6984, TC=empty_FirstName}](2)" classname="P04_CheckoutPageTC" time="0.031"/>
  <testcase name="checkOutalnumericFirstName[{firstName=standard_user, lastName=, type=inValid, postalCode=5842, TC=empty_LastName}](3)" classname="P04_CheckoutPageTC" time="0.031"/>
  <testcase name="checkOutalnumericFirstName[{firstName=hossam, lastName=mohamed, type=inValid, postalCode=, TC=empty_PostalCode}](4)" classname="P04_CheckoutPageTC" time="0.026"/>
  <testcase name="checkOutalnumericFirstName[{firstName=moh@@, lastName=hossam, type=inValid, postalCode=54545, TC=specialCharacter_FirstName}](5)" classname="P04_CheckoutPageTC" time="0.029"/>
  <testcase name="checkOutalnumericFirstName[{firstName=mohamed, lastName=hossam@@, type=inValid, postalCode=8256, TC=specialCharacter_LastName}](6)" classname="P04_CheckoutPageTC" time="0.03"/>
  <testcase name="checkOutalnumericFirstName[{firstName=mohamed, lastName=hossam, type=inValid, postalCode=589@@, TC=specialCharacter_PostalCode}](7)" classname="P04_CheckoutPageTC" time="0.022"/>
  <testcase name="checkOutalnumericFirstName[{firstName=moh@@, lastName=hossam, type=inValid, postalCode=notValid, TC=alphabeticalCharacter_PostalCode}](8)" classname="P04_CheckoutPageTC" time="0.018"/>
  <testcase name="checkOutalnumericFirstName[{firstName=85215, lastName=hossam, type=inValid, postalCode=12345, TC=numeric_FirstName}](9)" classname="P04_CheckoutPageTC" time="0.368">
    <failure message="expected [https://www.saucedemo.com/v1/checkout-step-one.html] but found [https://www.saucedemo.com/v1/checkout-step-two.html]" type="java.lang.AssertionError"><![CDATA[java.lang.AssertionError: expected [https://www.saucedemo.com/v1/checkout-step-one.html] but found [https://www.saucedemo.com/v1/checkout-step-two.html]
	at org.testng.Assert.fail(Assert.java:111)
	at org.testng.Assert.failNotEquals(Assert.java:1578)
	at org.testng.Assert.assertEqualsImpl(Assert.java:150)
	at org.testng.Assert.assertEquals(Assert.java:132)
	at org.testng.Assert.assertEquals(Assert.java:656)
	at org.testng.Assert.assertEquals(Assert.java:666)
	at P04_CheckoutPageTC.checkOutalnumericFirstName(P04_CheckoutPageTC.java:158)
	at java.base/jdk.internal.reflect.DirectMethodHandleAccessor.invoke(DirectMethodHandleAccessor.java:103)
	at java.base/java.lang.reflect.Method.invoke(Method.java:580)
	at org.testng.internal.invokers.MethodInvocationHelper.invokeMethod(MethodInvocationHelper.java:141)
	at org.testng.internal.invokers.TestInvoker.invokeMethod(TestInvoker.java:686)
	at org.testng.internal.invokers.TestInvoker.invokeTestMethod(TestInvoker.java:230)
	at org.testng.internal.invokers.MethodRunner.runInSequence(MethodRunner.java:63)
	at org.testng.internal.invokers.TestInvoker$MethodInvocationAgent.invoke(TestInvoker.java:992)
	at org.testng.internal.invokers.TestInvoker.invokeTestMethods(TestInvoker.java:203)
	at org.testng.internal.invokers.TestMethodWorker.invokeTestMethods(TestMethodWorker.java:154)
	at org.testng.internal.invokers.TestMethodWorker.run(TestMethodWorker.java:134)
	at java.base/java.util.ArrayList.forEach(ArrayList.java:1596)
	at org.testng.TestRunner.privateRun(TestRunner.java:739)
	at org.testng.TestRunner.run(TestRunner.java:614)
	at org.testng.SuiteRunner.runTest(SuiteRunner.java:421)
	at org.testng.SuiteRunner.runSequentially(SuiteRunner.java:413)
	at org.testng.SuiteRunner.privateRun(SuiteRunner.java:373)
	at org.testng.SuiteRunner.run(SuiteRunner.java:312)
	at org.testng.SuiteRunnerWorker.runSuite(SuiteRunnerWorker.java:52)
	at org.testng.SuiteRunnerWorker.run(SuiteRunnerWorker.java:95)
	at org.testng.TestNG.runSuitesSequentially(TestNG.java:1274)
	at org.testng.TestNG.runSuitesLocally(TestNG.java:1208)
	at org.testng.TestNG.runSuites(TestNG.java:1112)
	at org.testng.TestNG.run(TestNG.java:1079)
	at org.apache.maven.surefire.testng.TestNGExecutor.run(TestNGExecutor.java:308)
	at org.apache.maven.surefire.testng.TestNGXmlTestSuite.execute(TestNGXmlTestSuite.java:71)
	at org.apache.maven.surefire.testng.TestNGProvider.invoke(TestNGProvider.java:113)
	at org.apache.maven.surefire.booter.ForkedBooter.runSuitesInProcess(ForkedBooter.java:385)
	at org.apache.maven.surefire.booter.ForkedBooter.execute(ForkedBooter.java:162)
	at org.apache.maven.surefire.booter.ForkedBooter.run(ForkedBooter.java:507)
	at org.apache.maven.surefire.booter.ForkedBooter.main(ForkedBooter.java:495)
]]></failure>
  </testcase>
  <testcase name="checkOutalnumericFirstName[{firstName=hossam, lastName=6789, type=inValid, postalCode=12345, TC=numeric_LastName}](10)" classname="P04_CheckoutPageTC" time="0.038"/>
  <testcase name="checkOutalnumericLastName[{firstName=hossam, lastName=mohamed, type=valid, postalCode=12345, TC=smoke}](1)" classname="P04_CheckoutPageTC" time="0.036"/>
  <testcase name="checkOutalnumericLastName[{firstName=, lastName=hossam, type=inValid, postalCode=6984, TC=empty_FirstName}](2)" classname="P04_CheckoutPageTC" time="0.025"/>
  <testcase name="checkOutalnumericLastName[{firstName=standard_user, lastName=, type=inValid, postalCode=5842, TC=empty_LastName}](3)" classname="P04_CheckoutPageTC" time="0.023"/>
  <testcase name="checkOutalnumericLastName[{firstName=hossam, lastName=mohamed, type=inValid, postalCode=, TC=empty_PostalCode}](4)" classname="P04_CheckoutPageTC" time="0.023"/>
  <testcase name="checkOutalnumericLastName[{firstName=moh@@, lastName=hossam, type=inValid, postalCode=54545, TC=specialCharacter_FirstName}](5)" classname="P04_CheckoutPageTC" time="0.021"/>
  <testcase name="checkOutalnumericLastName[{firstName=mohamed, lastName=hossam@@, type=inValid, postalCode=8256, TC=specialCharacter_LastName}](6)" classname="P04_CheckoutPageTC" time="0.024"/>
  <testcase name="checkOutalnumericLastName[{firstName=mohamed, lastName=hossam, type=inValid, postalCode=589@@, TC=specialCharacter_PostalCode}](7)" classname="P04_CheckoutPageTC" time="0.023"/>
  <testcase name="checkOutalnumericLastName[{firstName=moh@@, lastName=hossam, type=inValid, postalCode=notValid, TC=alphabeticalCharacter_PostalCode}](8)" classname="P04_CheckoutPageTC" time="0.027"/>
  <testcase name="checkOutalnumericLastName[{firstName=85215, lastName=hossam, type=inValid, postalCode=12345, TC=numeric_FirstName}](9)" classname="P04_CheckoutPageTC" time="0.03"/>
  <testcase name="checkOutalnumericLastName[{firstName=hossam, lastName=6789, type=inValid, postalCode=12345, TC=numeric_LastName}](10)" classname="P04_CheckoutPageTC" time="0.354">
    <failure message="expected [https://www.saucedemo.com/v1/checkout-step-one.html] but found [https://www.saucedemo.com/v1/checkout-step-two.html]" type="java.lang.AssertionError"><![CDATA[java.lang.AssertionError: expected [https://www.saucedemo.com/v1/checkout-step-one.html] but found [https://www.saucedemo.com/v1/checkout-step-two.html]
	at org.testng.Assert.fail(Assert.java:111)
	at org.testng.Assert.failNotEquals(Assert.java:1578)
	at org.testng.Assert.assertEqualsImpl(Assert.java:150)
	at org.testng.Assert.assertEquals(Assert.java:132)
	at org.testng.Assert.assertEquals(Assert.java:656)
	at org.testng.Assert.assertEquals(Assert.java:666)
	at P04_CheckoutPageTC.checkOutalnumericLastName(P04_CheckoutPageTC.java:172)
	at java.base/jdk.internal.reflect.DirectMethodHandleAccessor.invoke(DirectMethodHandleAccessor.java:103)
	at java.base/java.lang.reflect.Method.invoke(Method.java:580)
	at org.testng.internal.invokers.MethodInvocationHelper.invokeMethod(MethodInvocationHelper.java:141)
	at org.testng.internal.invokers.TestInvoker.invokeMethod(TestInvoker.java:686)
	at org.testng.internal.invokers.TestInvoker.invokeTestMethod(TestInvoker.java:230)
	at org.testng.internal.invokers.MethodRunner.runInSequence(MethodRunner.java:63)
	at org.testng.internal.invokers.TestInvoker$MethodInvocationAgent.invoke(TestInvoker.java:992)
	at org.testng.internal.invokers.TestInvoker.invokeTestMethods(TestInvoker.java:203)
	at org.testng.internal.invokers.TestMethodWorker.invokeTestMethods(TestMethodWorker.java:154)
	at org.testng.internal.invokers.TestMethodWorker.run(TestMethodWorker.java:134)
	at java.base/java.util.ArrayList.forEach(ArrayList.java:1596)
	at org.testng.TestRunner.privateRun(TestRunner.java:739)
	at org.testng.TestRunner.run(TestRunner.java:614)
	at org.testng.SuiteRunner.runTest(SuiteRunner.java:421)
	at org.testng.SuiteRunner.runSequentially(SuiteRunner.java:413)
	at org.testng.SuiteRunner.privateRun(SuiteRunner.java:373)
	at org.testng.SuiteRunner.run(SuiteRunner.java:312)
	at org.testng.SuiteRunnerWorker.runSuite(SuiteRunnerWorker.java:52)
	at org.testng.SuiteRunnerWorker.run(SuiteRunnerWorker.java:95)
	at org.testng.TestNG.runSuitesSequentially(TestNG.java:1274)
	at org.testng.TestNG.runSuitesLocally(TestNG.java:1208)
	at org.testng.TestNG.runSuites(TestNG.java:1112)
	at org.testng.TestNG.run(TestNG.java:1079)
	at org.apache.maven.surefire.testng.TestNGExecutor.run(TestNGExecutor.java:308)
	at org.apache.maven.surefire.testng.TestNGXmlTestSuite.execute(TestNGXmlTestSuite.java:71)
	at org.apache.maven.surefire.testng.TestNGProvider.invoke(TestNGProvider.java:113)
	at org.apache.maven.surefire.booter.ForkedBooter.runSuitesInProcess(ForkedBooter.java:385)
	at org.apache.maven.surefire.booter.ForkedBooter.execute(ForkedBooter.java:162)
	at org.apache.maven.surefire.booter.ForkedBooter.run(ForkedBooter.java:507)
	at org.apache.maven.surefire.booter.ForkedBooter.main(ForkedBooter.java:495)
]]></failure>
  </testcase>
  <testcase name="checkOutalphabeticalCharacterPostalCode[{firstName=hossam, lastName=mohamed, type=valid, postalCode=12345, TC=smoke}](1)" classname="P04_CheckoutPageTC" time="0.039"/>
  <testcase name="checkOutalphabeticalCharacterPostalCode[{firstName=, lastName=hossam, type=inValid, postalCode=6984, TC=empty_FirstName}](2)" classname="P04_CheckoutPageTC" time="0.09"/>
  <testcase name="checkOutalphabeticalCharacterPostalCode[{firstName=standard_user, lastName=, type=inValid, postalCode=5842, TC=empty_LastName}](3)" classname="P04_CheckoutPageTC" time="0.023"/>
  <testcase name="checkOutalphabeticalCharacterPostalCode[{firstName=hossam, lastName=mohamed, type=inValid, postalCode=, TC=empty_PostalCode}](4)" classname="P04_CheckoutPageTC" time="0.025"/>
  <testcase name="checkOutalphabeticalCharacterPostalCode[{firstName=moh@@, lastName=hossam, type=inValid, postalCode=54545, TC=specialCharacter_FirstName}](5)" classname="P04_CheckoutPageTC" time="0.022"/>
  <testcase name="checkOutalphabeticalCharacterPostalCode[{firstName=mohamed, lastName=hossam@@, type=inValid, postalCode=8256, TC=specialCharacter_LastName}](6)" classname="P04_CheckoutPageTC" time="0.025"/>
  <testcase name="checkOutalphabeticalCharacterPostalCode[{firstName=mohamed, lastName=hossam, type=inValid, postalCode=589@@, TC=specialCharacter_PostalCode}](7)" classname="P04_CheckoutPageTC" time="0.023"/>
  <testcase name="checkOutalphabeticalCharacterPostalCode[{firstName=moh@@, lastName=hossam, type=inValid, postalCode=notValid, TC=alphabeticalCharacter_PostalCode}](8)" classname="P04_CheckoutPageTC" time="0.542">
    <failure message="expected [https://www.saucedemo.com/v1/checkout-step-one.html] but found [https://www.saucedemo.com/v1/checkout-step-two.html]" type="java.lang.AssertionError"><![CDATA[java.lang.AssertionError: expected [https://www.saucedemo.com/v1/checkout-step-one.html] but found [https://www.saucedemo.com/v1/checkout-step-two.html]
	at org.testng.Assert.fail(Assert.java:111)
	at org.testng.Assert.failNotEquals(Assert.java:1578)
	at org.testng.Assert.assertEqualsImpl(Assert.java:150)
	at org.testng.Assert.assertEquals(Assert.java:132)
	at org.testng.Assert.assertEquals(Assert.java:656)
	at org.testng.Assert.assertEquals(Assert.java:666)
	at P04_CheckoutPageTC.checkOutalphabeticalCharacterPostalCode(P04_CheckoutPageTC.java:145)
	at java.base/jdk.internal.reflect.DirectMethodHandleAccessor.invoke(DirectMethodHandleAccessor.java:103)
	at java.base/java.lang.reflect.Method.invoke(Method.java:580)
	at org.testng.internal.invokers.MethodInvocationHelper.invokeMethod(MethodInvocationHelper.java:141)
	at org.testng.internal.invokers.TestInvoker.invokeMethod(TestInvoker.java:686)
	at org.testng.internal.invokers.TestInvoker.invokeTestMethod(TestInvoker.java:230)
	at org.testng.internal.invokers.MethodRunner.runInSequence(MethodRunner.java:63)
	at org.testng.internal.invokers.TestInvoker$MethodInvocationAgent.invoke(TestInvoker.java:992)
	at org.testng.internal.invokers.TestInvoker.invokeTestMethods(TestInvoker.java:203)
	at org.testng.internal.invokers.TestMethodWorker.invokeTestMethods(TestMethodWorker.java:154)
	at org.testng.internal.invokers.TestMethodWorker.run(TestMethodWorker.java:134)
	at java.base/java.util.ArrayList.forEach(ArrayList.java:1596)
	at org.testng.TestRunner.privateRun(TestRunner.java:739)
	at org.testng.TestRunner.run(TestRunner.java:614)
	at org.testng.SuiteRunner.runTest(SuiteRunner.java:421)
	at org.testng.SuiteRunner.runSequentially(SuiteRunner.java:413)
	at org.testng.SuiteRunner.privateRun(SuiteRunner.java:373)
	at org.testng.SuiteRunner.run(SuiteRunner.java:312)
	at org.testng.SuiteRunnerWorker.runSuite(SuiteRunnerWorker.java:52)
	at org.testng.SuiteRunnerWorker.run(SuiteRunnerWorker.java:95)
	at org.testng.TestNG.runSuitesSequentially(TestNG.java:1274)
	at org.testng.TestNG.runSuitesLocally(TestNG.java:1208)
	at org.testng.TestNG.runSuites(TestNG.java:1112)
	at org.testng.TestNG.run(TestNG.java:1079)
	at org.apache.maven.surefire.testng.TestNGExecutor.run(TestNGExecutor.java:308)
	at org.apache.maven.surefire.testng.TestNGXmlTestSuite.execute(TestNGXmlTestSuite.java:71)
	at org.apache.maven.surefire.testng.TestNGProvider.invoke(TestNGProvider.java:113)
	at org.apache.maven.surefire.booter.ForkedBooter.runSuitesInProcess(ForkedBooter.java:385)
	at org.apache.maven.surefire.booter.ForkedBooter.execute(ForkedBooter.java:162)
	at org.apache.maven.surefire.booter.ForkedBooter.run(ForkedBooter.java:507)
	at org.apache.maven.surefire.booter.ForkedBooter.main(ForkedBooter.java:495)
]]></failure>
  </testcase>
  <testcase name="checkOutalphabeticalCharacterPostalCode[{firstName=85215, lastName=hossam, type=inValid, postalCode=12345, TC=numeric_FirstName}](9)" classname="P04_CheckoutPageTC" time="0.034"/>
  <testcase name="checkOutalphabeticalCharacterPostalCode[{firstName=hossam, lastName=6789, type=inValid, postalCode=12345, TC=numeric_LastName}](10)" classname="P04_CheckoutPageTC" time="0.031"/>
  <testcase name="checkOutspecialCharacterFirstName[{firstName=hossam, lastName=mohamed, type=valid, postalCode=12345, TC=smoke}](1)" classname="P04_CheckoutPageTC" time="0.03"/>
  <testcase name="checkOutspecialCharacterFirstName[{firstName=, lastName=hossam, type=inValid, postalCode=6984, TC=empty_FirstName}](2)" classname="P04_CheckoutPageTC" time="0.022"/>
  <testcase name="checkOutspecialCharacterFirstName[{firstName=standard_user, lastName=, type=inValid, postalCode=5842, TC=empty_LastName}](3)" classname="P04_CheckoutPageTC" time="0.023"/>
  <testcase name="checkOutspecialCharacterFirstName[{firstName=hossam, lastName=mohamed, type=inValid, postalCode=, TC=empty_PostalCode}](4)" classname="P04_CheckoutPageTC" time="0.025"/>
  <testcase name="checkOutspecialCharacterFirstName[{firstName=moh@@, lastName=hossam, type=inValid, postalCode=54545, TC=specialCharacter_FirstName}](5)" classname="P04_CheckoutPageTC" time="0.487">
    <failure message="expected [https://www.saucedemo.com/v1/checkout-step-one.html] but found [https://www.saucedemo.com/v1/checkout-step-two.html]" type="java.lang.AssertionError"><![CDATA[java.lang.AssertionError: expected [https://www.saucedemo.com/v1/checkout-step-one.html] but found [https://www.saucedemo.com/v1/checkout-step-two.html]
	at org.testng.Assert.fail(Assert.java:111)
	at org.testng.Assert.failNotEquals(Assert.java:1578)
	at org.testng.Assert.assertEqualsImpl(Assert.java:150)
	at org.testng.Assert.assertEquals(Assert.java:132)
	at org.testng.Assert.assertEquals(Assert.java:656)
	at org.testng.Assert.assertEquals(Assert.java:666)
	at P04_CheckoutPageTC.checkOutspecialCharacterFirstName(P04_CheckoutPageTC.java:104)
	at java.base/jdk.internal.reflect.DirectMethodHandleAccessor.invoke(DirectMethodHandleAccessor.java:103)
	at java.base/java.lang.reflect.Method.invoke(Method.java:580)
	at org.testng.internal.invokers.MethodInvocationHelper.invokeMethod(MethodInvocationHelper.java:141)
	at org.testng.internal.invokers.TestInvoker.invokeMethod(TestInvoker.java:686)
	at org.testng.internal.invokers.TestInvoker.invokeTestMethod(TestInvoker.java:230)
	at org.testng.internal.invokers.MethodRunner.runInSequence(MethodRunner.java:63)
	at org.testng.internal.invokers.TestInvoker$MethodInvocationAgent.invoke(TestInvoker.java:992)
	at org.testng.internal.invokers.TestInvoker.invokeTestMethods(TestInvoker.java:203)
	at org.testng.internal.invokers.TestMethodWorker.invokeTestMethods(TestMethodWorker.java:154)
	at org.testng.internal.invokers.TestMethodWorker.run(TestMethodWorker.java:134)
	at java.base/java.util.ArrayList.forEach(ArrayList.java:1596)
	at org.testng.TestRunner.privateRun(TestRunner.java:739)
	at org.testng.TestRunner.run(TestRunner.java:614)
	at org.testng.SuiteRunner.runTest(SuiteRunner.java:421)
	at org.testng.SuiteRunner.runSequentially(SuiteRunner.java:413)
	at org.testng.SuiteRunner.privateRun(SuiteRunner.java:373)
	at org.testng.SuiteRunner.run(SuiteRunner.java:312)
	at org.testng.SuiteRunnerWorker.runSuite(SuiteRunnerWorker.java:52)
	at org.testng.SuiteRunnerWorker.run(SuiteRunnerWorker.java:95)
	at org.testng.TestNG.runSuitesSequentially(TestNG.java:1274)
	at org.testng.TestNG.runSuitesLocally(TestNG.java:1208)
	at org.testng.TestNG.runSuites(TestNG.java:1112)
	at org.testng.TestNG.run(TestNG.java:1079)
	at org.apache.maven.surefire.testng.TestNGExecutor.run(TestNGExecutor.java:308)
	at org.apache.maven.surefire.testng.TestNGXmlTestSuite.execute(TestNGXmlTestSuite.java:71)
	at org.apache.maven.surefire.testng.TestNGProvider.invoke(TestNGProvider.java:113)
	at org.apache.maven.surefire.booter.ForkedBooter.runSuitesInProcess(ForkedBooter.java:385)
	at org.apache.maven.surefire.booter.ForkedBooter.execute(ForkedBooter.java:162)
	at org.apache.maven.surefire.booter.ForkedBooter.run(ForkedBooter.java:507)
	at org.apache.maven.surefire.booter.ForkedBooter.main(ForkedBooter.java:495)
]]></failure>
  </testcase>
  <testcase name="checkOutspecialCharacterFirstName[{firstName=mohamed, lastName=hossam@@, type=inValid, postalCode=8256, TC=specialCharacter_LastName}](6)" classname="P04_CheckoutPageTC" time="0.052"/>
  <testcase name="checkOutspecialCharacterFirstName[{firstName=mohamed, lastName=hossam, type=inValid, postalCode=589@@, TC=specialCharacter_PostalCode}](7)" classname="P04_CheckoutPageTC" time="0.048"/>
  <testcase name="checkOutspecialCharacterFirstName[{firstName=moh@@, lastName=hossam, type=inValid, postalCode=notValid, TC=alphabeticalCharacter_PostalCode}](8)" classname="P04_CheckoutPageTC" time="0.03"/>
  <testcase name="checkOutspecialCharacterFirstName[{firstName=85215, lastName=hossam, type=inValid, postalCode=12345, TC=numeric_FirstName}](9)" classname="P04_CheckoutPageTC" time="0.032"/>
  <testcase name="checkOutspecialCharacterFirstName[{firstName=hossam, lastName=6789, type=inValid, postalCode=12345, TC=numeric_LastName}](10)" classname="P04_CheckoutPageTC" time="0.036"/>
  <testcase name="checkOutspecialCharacterLastName[{firstName=hossam, lastName=mohamed, type=valid, postalCode=12345, TC=smoke}](1)" classname="P04_CheckoutPageTC" time="0.028"/>
  <testcase name="checkOutspecialCharacterLastName[{firstName=, lastName=hossam, type=inValid, postalCode=6984, TC=empty_FirstName}](2)" classname="P04_CheckoutPageTC" time="0.035"/>
  <testcase name="checkOutspecialCharacterLastName[{firstName=standard_user, lastName=, type=inValid, postalCode=5842, TC=empty_LastName}](3)" classname="P04_CheckoutPageTC" time="0.036"/>
  <testcase name="checkOutspecialCharacterLastName[{firstName=hossam, lastName=mohamed, type=inValid, postalCode=, TC=empty_PostalCode}](4)" classname="P04_CheckoutPageTC" time="0.039"/>
  <testcase name="checkOutspecialCharacterLastName[{firstName=moh@@, lastName=hossam, type=inValid, postalCode=54545, TC=specialCharacter_FirstName}](5)" classname="P04_CheckoutPageTC" time="0.028"/>
  <testcase name="checkOutspecialCharacterLastName[{firstName=mohamed, lastName=hossam@@, type=inValid, postalCode=8256, TC=specialCharacter_LastName}](6)" classname="P04_CheckoutPageTC" time="0.509">
    <failure message="expected [https://www.saucedemo.com/v1/checkout-step-one.html] but found [https://www.saucedemo.com/v1/checkout-step-two.html]" type="java.lang.AssertionError"><![CDATA[java.lang.AssertionError: expected [https://www.saucedemo.com/v1/checkout-step-one.html] but found [https://www.saucedemo.com/v1/checkout-step-two.html]
	at org.testng.Assert.fail(Assert.java:111)
	at org.testng.Assert.failNotEquals(Assert.java:1578)
	at org.testng.Assert.assertEqualsImpl(Assert.java:150)
	at org.testng.Assert.assertEquals(Assert.java:132)
	at org.testng.Assert.assertEquals(Assert.java:656)
	at org.testng.Assert.assertEquals(Assert.java:666)
	at P04_CheckoutPageTC.checkOutspecialCharacterLastName(P04_CheckoutPageTC.java:118)
	at java.base/jdk.internal.reflect.DirectMethodHandleAccessor.invoke(DirectMethodHandleAccessor.java:103)
	at java.base/java.lang.reflect.Method.invoke(Method.java:580)
	at org.testng.internal.invokers.MethodInvocationHelper.invokeMethod(MethodInvocationHelper.java:141)
	at org.testng.internal.invokers.TestInvoker.invokeMethod(TestInvoker.java:686)
	at org.testng.internal.invokers.TestInvoker.invokeTestMethod(TestInvoker.java:230)
	at org.testng.internal.invokers.MethodRunner.runInSequence(MethodRunner.java:63)
	at org.testng.internal.invokers.TestInvoker$MethodInvocationAgent.invoke(TestInvoker.java:992)
	at org.testng.internal.invokers.TestInvoker.invokeTestMethods(TestInvoker.java:203)
	at org.testng.internal.invokers.TestMethodWorker.invokeTestMethods(TestMethodWorker.java:154)
	at org.testng.internal.invokers.TestMethodWorker.run(TestMethodWorker.java:134)
	at java.base/java.util.ArrayList.forEach(ArrayList.java:1596)
	at org.testng.TestRunner.privateRun(TestRunner.java:739)
	at org.testng.TestRunner.run(TestRunner.java:614)
	at org.testng.SuiteRunner.runTest(SuiteRunner.java:421)
	at org.testng.SuiteRunner.runSequentially(SuiteRunner.java:413)
	at org.testng.SuiteRunner.privateRun(SuiteRunner.java:373)
	at org.testng.SuiteRunner.run(SuiteRunner.java:312)
	at org.testng.SuiteRunnerWorker.runSuite(SuiteRunnerWorker.java:52)
	at org.testng.SuiteRunnerWorker.run(SuiteRunnerWorker.java:95)
	at org.testng.TestNG.runSuitesSequentially(TestNG.java:1274)
	at org.testng.TestNG.runSuitesLocally(TestNG.java:1208)
	at org.testng.TestNG.runSuites(TestNG.java:1112)
	at org.testng.TestNG.run(TestNG.java:1079)
	at org.apache.maven.surefire.testng.TestNGExecutor.run(TestNGExecutor.java:308)
	at org.apache.maven.surefire.testng.TestNGXmlTestSuite.execute(TestNGXmlTestSuite.java:71)
	at org.apache.maven.surefire.testng.TestNGProvider.invoke(TestNGProvider.java:113)
	at org.apache.maven.surefire.booter.ForkedBooter.runSuitesInProcess(ForkedBooter.java:385)
	at org.apache.maven.surefire.booter.ForkedBooter.execute(ForkedBooter.java:162)
	at org.apache.maven.surefire.booter.ForkedBooter.run(ForkedBooter.java:507)
	at org.apache.maven.surefire.booter.ForkedBooter.main(ForkedBooter.java:495)
]]></failure>
  </testcase>
  <testcase name="checkOutspecialCharacterLastName[{firstName=mohamed, lastName=hossam, type=inValid, postalCode=589@@, TC=specialCharacter_PostalCode}](7)" classname="P04_CheckoutPageTC" time="0.038"/>
  <testcase name="checkOutspecialCharacterLastName[{firstName=moh@@, lastName=hossam, type=inValid, postalCode=notValid, TC=alphabeticalCharacter_PostalCode}](8)" classname="P04_CheckoutPageTC" time="0.03"/>
  <testcase name="checkOutspecialCharacterLastName[{firstName=85215, lastName=hossam, type=inValid, postalCode=12345, TC=numeric_FirstName}](9)" classname="P04_CheckoutPageTC" time="0.031"/>
  <testcase name="checkOutspecialCharacterLastName[{firstName=hossam, lastName=6789, type=inValid, postalCode=12345, TC=numeric_LastName}](10)" classname="P04_CheckoutPageTC" time="0.03"/>
  <testcase name="checkOutspecialCharacterPostalCode[{firstName=hossam, lastName=mohamed, type=valid, postalCode=12345, TC=smoke}](1)" classname="P04_CheckoutPageTC" time="0.031"/>
  <testcase name="checkOutspecialCharacterPostalCode[{firstName=, lastName=hossam, type=inValid, postalCode=6984, TC=empty_FirstName}](2)" classname="P04_CheckoutPageTC" time="0.033"/>
  <testcase name="checkOutspecialCharacterPostalCode[{firstName=standard_user, lastName=, type=inValid, postalCode=5842, TC=empty_LastName}](3)" classname="P04_CheckoutPageTC" time="0.03"/>
  <testcase name="checkOutspecialCharacterPostalCode[{firstName=hossam, lastName=mohamed, type=inValid, postalCode=, TC=empty_PostalCode}](4)" classname="P04_CheckoutPageTC" time="0.029"/>
  <testcase name="checkOutspecialCharacterPostalCode[{firstName=moh@@, lastName=hossam, type=inValid, postalCode=54545, TC=specialCharacter_FirstName}](5)" classname="P04_CheckoutPageTC" time="0.033"/>
  <testcase name="checkOutspecialCharacterPostalCode[{firstName=mohamed, lastName=hossam@@, type=inValid, postalCode=8256, TC=specialCharacter_LastName}](6)" classname="P04_CheckoutPageTC" time="0.031"/>
  <testcase name="checkOutspecialCharacterPostalCode[{firstName=mohamed, lastName=hossam, type=inValid, postalCode=589@@, TC=specialCharacter_PostalCode}](7)" classname="P04_CheckoutPageTC" time="0.384">
    <failure message="expected [https://www.saucedemo.com/v1/checkout-step-one.html] but found [https://www.saucedemo.com/v1/checkout-step-two.html]" type="java.lang.AssertionError"><![CDATA[java.lang.AssertionError: expected [https://www.saucedemo.com/v1/checkout-step-one.html] but found [https://www.saucedemo.com/v1/checkout-step-two.html]
	at org.testng.Assert.fail(Assert.java:111)
	at org.testng.Assert.failNotEquals(Assert.java:1578)
	at org.testng.Assert.assertEqualsImpl(Assert.java:150)
	at org.testng.Assert.assertEquals(Assert.java:132)
	at org.testng.Assert.assertEquals(Assert.java:656)
	at org.testng.Assert.assertEquals(Assert.java:666)
	at P04_CheckoutPageTC.checkOutspecialCharacterPostalCode(P04_CheckoutPageTC.java:132)
	at java.base/jdk.internal.reflect.DirectMethodHandleAccessor.invoke(DirectMethodHandleAccessor.java:103)
	at java.base/java.lang.reflect.Method.invoke(Method.java:580)
	at org.testng.internal.invokers.MethodInvocationHelper.invokeMethod(MethodInvocationHelper.java:141)
	at org.testng.internal.invokers.TestInvoker.invokeMethod(TestInvoker.java:686)
	at org.testng.internal.invokers.TestInvoker.invokeTestMethod(TestInvoker.java:230)
	at org.testng.internal.invokers.MethodRunner.runInSequence(MethodRunner.java:63)
	at org.testng.internal.invokers.TestInvoker$MethodInvocationAgent.invoke(TestInvoker.java:992)
	at org.testng.internal.invokers.TestInvoker.invokeTestMethods(TestInvoker.java:203)
	at org.testng.internal.invokers.TestMethodWorker.invokeTestMethods(TestMethodWorker.java:154)
	at org.testng.internal.invokers.TestMethodWorker.run(TestMethodWorker.java:134)
	at java.base/java.util.ArrayList.forEach(ArrayList.java:1596)
	at org.testng.TestRunner.privateRun(TestRunner.java:739)
	at org.testng.TestRunner.run(TestRunner.java:614)
	at org.testng.SuiteRunner.runTest(SuiteRunner.java:421)
	at org.testng.SuiteRunner.runSequentially(SuiteRunner.java:413)
	at org.testng.SuiteRunner.privateRun(SuiteRunner.java:373)
	at org.testng.SuiteRunner.run(SuiteRunner.java:312)
	at org.testng.SuiteRunnerWorker.runSuite(SuiteRunnerWorker.java:52)
	at org.testng.SuiteRunnerWorker.run(SuiteRunnerWorker.java:95)
	at org.testng.TestNG.runSuitesSequentially(TestNG.java:1274)
	at org.testng.TestNG.runSuitesLocally(TestNG.java:1208)
	at org.testng.TestNG.runSuites(TestNG.java:1112)
	at org.testng.TestNG.run(TestNG.java:1079)
	at org.apache.maven.surefire.testng.TestNGExecutor.run(TestNGExecutor.java:308)
	at org.apache.maven.surefire.testng.TestNGXmlTestSuite.execute(TestNGXmlTestSuite.java:71)
	at org.apache.maven.surefire.testng.TestNGProvider.invoke(TestNGProvider.java:113)
	at org.apache.maven.surefire.booter.ForkedBooter.runSuitesInProcess(ForkedBooter.java:385)
	at org.apache.maven.surefire.booter.ForkedBooter.execute(ForkedBooter.java:162)
	at org.apache.maven.surefire.booter.ForkedBooter.run(ForkedBooter.java:507)
	at org.apache.maven.surefire.booter.ForkedBooter.main(ForkedBooter.java:495)
]]></failure>
  </testcase>
  <testcase name="checkOutspecialCharacterPostalCode[{firstName=moh@@, lastName=hossam, type=inValid, postalCode=notValid, TC=alphabeticalCharacter_PostalCode}](8)" classname="P04_CheckoutPageTC" time="0.041"/>
  <testcase name="checkOutspecialCharacterPostalCode[{firstName=85215, lastName=hossam, type=inValid, postalCode=12345, TC=numeric_FirstName}](9)" classname="P04_CheckoutPageTC" time="0.028"/>
  <testcase name="checkOutspecialCharacterPostalCode[{firstName=hossam, lastName=6789, type=inValid, postalCode=12345, TC=numeric_LastName}](10)" classname="P04_CheckoutPageTC" time="0.025"/>
</testsuite>