<?xml version="1.0" encoding="UTF-8"?>
<!-- Generated by org.testng.reporters.JUnitXMLReporter -->
<testsuite ignored="6" hostname="DESKTOP-G3R6BFE" failures="6" tests="134" name="AllTests" time="12.261" errors="0" timestamp="2025-07-24T09:48:34 EEST">
  <testcase classname="P01_LoginPageTC" name="validPasswordAndemptyUsername" time="0.692"/>
  <testcase classname="P01_LoginPageTC" name="validUserNameAndPassword" time="1.274"/>
  <testcase classname="P01_LoginPageTC" name="validUserNameAndemptyPassword" time="0.246"/>
  <testcase classname="P01_LoginPageTC" name="vlidationLockeUser" time="0.164"/>
  <testcase classname="P02_ProductsPageTC" name="addToCart" time="0.001"/>
  <testcase classname="P02_ProductsPageTC" name="addToCart" time="0.115"/>
  <testcase classname="P02_ProductsPageTC" name="addToCart" time="0.12"/>
  <testcase classname="P02_ProductsPageTC" name="addToCart" time="0.102"/>
  <testcase classname="P02_ProductsPageTC" name="addToCart" time="0.001"/>
  <testcase classname="P02_ProductsPageTC" name="addToCart" time="0.0"/>
  <testcase classname="P02_ProductsPageTC" name="addToCart" time="0.0"/>
  <testcase classname="P03_CartPageTC" name="verifyDisplay" time="0.001"/>
  <testcase classname="P03_CartPageTC" name="verifyDisplay" time="0.028"/>
  <testcase classname="P03_CartPageTC" name="verifyDisplay" time="0.025"/>
  <testcase classname="P03_CartPageTC" name="verifyDisplay" time="0.033"/>
  <testcase classname="P03_CartPageTC" name="verifyDisplay" time="0.0"/>
  <testcase classname="P03_CartPageTC" name="verifyDisplay" time="0.0"/>
  <testcase classname="P03_CartPageTC" name="verifyDisplay" time="0.0"/>
  <testcase classname="P03_CartPageTC" name="removeProduct" time="0.0"/>
  <testcase classname="P03_CartPageTC" name="removeProduct" time="0.0"/>
  <testcase classname="P03_CartPageTC" name="removeProduct" time="0.0"/>
  <testcase classname="P03_CartPageTC" name="removeProduct" time="0.0"/>
  <testcase classname="P03_CartPageTC" name="removeProduct" time="0.084"/>
  <testcase classname="P03_CartPageTC" name="removeProduct" time="0.061"/>
  <testcase classname="P03_CartPageTC" name="removeProduct" time="0.001"/>
  <testcase classname="P03_CartPageTC" name="Checkout" time="0.264"/>
  <testcase classname="P03_CartPageTC" name="verifyProductsRemoved" time="0.086"/>
  <testcase classname="P03_CartPageTC" name="verifyProductsRemoved" time="0.072"/>
  <testcase classname="P03_CartPageTC" name="verifyProductsRemoved" time="0.064"/>
  <testcase classname="P03_CartPageTC" name="verifyProductsRemoved" time="0.06"/>
  <testcase classname="P03_CartPageTC" name="verifyProductsRemoved" time="0.078"/>
  <testcase classname="P03_CartPageTC" name="verifyProductsRemoved" time="0.085"/>
  <testcase classname="P03_CartPageTC" name="verifyProductsRemoved" time="0.067"/>
  <testcase classname="P03_CartPageTC" name="continueshopping" time="0.213"/>
  <testcase classname="P04_CheckoutPageTC" name="checkOutEmptyFirstName" time="0.033"/>
  <testcase classname="P04_CheckoutPageTC" name="checkOutEmptyFirstName" time="0.344"/>
  <testcase classname="P04_CheckoutPageTC" name="checkOutEmptyFirstName" time="0.028"/>
  <testcase classname="P04_CheckoutPageTC" name="checkOutEmptyFirstName" time="0.032"/>
  <testcase classname="P04_CheckoutPageTC" name="checkOutEmptyFirstName" time="0.031"/>
  <testcase classname="P04_CheckoutPageTC" name="checkOutEmptyFirstName" time="0.031"/>
  <testcase classname="P04_CheckoutPageTC" name="checkOutEmptyFirstName" time="0.032"/>
  <testcase classname="P04_CheckoutPageTC" name="checkOutEmptyFirstName" time="0.026"/>
  <testcase classname="P04_CheckoutPageTC" name="checkOutEmptyFirstName" time="0.03"/>
  <testcase classname="P04_CheckoutPageTC" name="checkOutEmptyFirstName" time="0.03"/>
  <testcase classname="P04_CheckoutPageTC" name="checkOutEmptyLastName" time="0.028"/>
  <testcase classname="P04_CheckoutPageTC" name="checkOutEmptyLastName" time="0.028"/>
  <testcase classname="P04_CheckoutPageTC" name="checkOutEmptyLastName" time="0.383"/>
  <testcase classname="P04_CheckoutPageTC" name="checkOutEmptyLastName" time="0.032"/>
  <testcase classname="P04_CheckoutPageTC" name="checkOutEmptyLastName" time="0.033"/>
  <testcase classname="P04_CheckoutPageTC" name="checkOutEmptyLastName" time="0.032"/>
  <testcase classname="P04_CheckoutPageTC" name="checkOutEmptyLastName" time="0.032"/>
  <testcase classname="P04_CheckoutPageTC" name="checkOutEmptyLastName" time="0.029"/>
  <testcase classname="P04_CheckoutPageTC" name="checkOutEmptyLastName" time="0.025"/>
  <testcase classname="P04_CheckoutPageTC" name="checkOutEmptyLastName" time="0.026"/>
  <testcase classname="P04_CheckoutPageTC" name="checkOutEmptyPostalCode" time="0.033"/>
  <testcase classname="P04_CheckoutPageTC" name="checkOutEmptyPostalCode" time="0.035"/>
  <testcase classname="P04_CheckoutPageTC" name="checkOutEmptyPostalCode" time="0.025"/>
  <testcase classname="P04_CheckoutPageTC" name="checkOutEmptyPostalCode" time="0.028"/>
  <testcase classname="P04_CheckoutPageTC" name="checkOutEmptyPostalCode" time="0.027"/>
  <testcase classname="P04_CheckoutPageTC" name="checkOutEmptyPostalCode" time="0.03"/>
  <testcase classname="P04_CheckoutPageTC" name="checkOutEmptyPostalCode" time="0.025"/>
  <testcase classname="P04_CheckoutPageTC" name="checkOutEmptyPostalCode" time="0.027"/>
  <testcase classname="P04_CheckoutPageTC" name="checkOutEmptyPostalCode" time="0.032"/>
  <testcase classname="P04_CheckoutPageTC" name="checkOutEmptyPostalCode" time="0.035"/>
  <testcase classname="P04_CheckoutPageTC" name="checkOutValidData" time="0.52"/>
  <testcase classname="P04_CheckoutPageTC" name="checkOutValidData" time="0.048"/>
  <testcase classname="P04_CheckoutPageTC" name="checkOutValidData" time="0.043"/>
  <testcase classname="P04_CheckoutPageTC" name="checkOutValidData" time="0.033"/>
  <testcase classname="P04_CheckoutPageTC" name="checkOutValidData" time="0.046"/>
  <testcase classname="P04_CheckoutPageTC" name="checkOutValidData" time="0.03"/>
  <testcase classname="P04_CheckoutPageTC" name="checkOutValidData" time="0.034"/>
  <testcase classname="P04_CheckoutPageTC" name="checkOutValidData" time="0.027"/>
  <testcase classname="P04_CheckoutPageTC" name="checkOutValidData" time="0.027"/>
  <testcase classname="P04_CheckoutPageTC" name="checkOutValidData" time="0.029"/>
  <testcase classname="P04_CheckoutPageTC" name="checkOutalnumericFirstName" time="0.029"/>
  <testcase classname="P04_CheckoutPageTC" name="checkOutalnumericFirstName" time="0.031"/>
  <testcase classname="P04_CheckoutPageTC" name="checkOutalnumericFirstName" time="0.032"/>
  <testcase classname="P04_CheckoutPageTC" name="checkOutalnumericFirstName" time="0.027"/>
  <testcase classname="P04_CheckoutPageTC" name="checkOutalnumericFirstName" time="0.028"/>
  <testcase classname="P04_CheckoutPageTC" name="checkOutalnumericFirstName" time="0.03"/>
  <testcase classname="P04_CheckoutPageTC" name="checkOutalnumericFirstName" time="0.023"/>
  <testcase classname="P04_CheckoutPageTC" name="checkOutalnumericFirstName" time="0.017"/>
  <testcase classname="P04_CheckoutPageTC" name="checkOutalnumericFirstName" time="0.259">
    <failure type="java.lang.AssertionError" message="expected [https://www.saucedemo.com/v1/checkout-step-one.html] but found [https://www.saucedemo.com/v1/checkout-step-two.html]">
      <![CDATA[java.lang.AssertionError: expected [https://www.saucedemo.com/v1/checkout-step-one.html] but found [https://www.saucedemo.com/v1/checkout-step-two.html]
at P04_CheckoutPageTC.checkOutalnumericFirstName(P04_CheckoutPageTC.java:158)
at java.base/java.util.ArrayList.forEach(ArrayList.java:1596)
... Removed 35 stack frames]]>
    </failure>
  </testcase> <!-- checkOutalnumericFirstName -->
  <testcase classname="P04_CheckoutPageTC" name="checkOutalnumericFirstName" time="0.037"/>
  <testcase classname="P04_CheckoutPageTC" name="checkOutalnumericLastName" time="0.037"/>
  <testcase classname="P04_CheckoutPageTC" name="checkOutalnumericLastName" time="0.026"/>
  <testcase classname="P04_CheckoutPageTC" name="checkOutalnumericLastName" time="0.022"/>
  <testcase classname="P04_CheckoutPageTC" name="checkOutalnumericLastName" time="0.022"/>
  <testcase classname="P04_CheckoutPageTC" name="checkOutalnumericLastName" time="0.02"/>
  <testcase classname="P04_CheckoutPageTC" name="checkOutalnumericLastName" time="0.023"/>
  <testcase classname="P04_CheckoutPageTC" name="checkOutalnumericLastName" time="0.023"/>
  <testcase classname="P04_CheckoutPageTC" name="checkOutalnumericLastName" time="0.028"/>
  <testcase classname="P04_CheckoutPageTC" name="checkOutalnumericLastName" time="0.029"/>
  <testcase classname="P04_CheckoutPageTC" name="checkOutalnumericLastName" time="0.253">
    <failure type="java.lang.AssertionError" message="expected [https://www.saucedemo.com/v1/checkout-step-one.html] but found [https://www.saucedemo.com/v1/checkout-step-two.html]">
      <![CDATA[java.lang.AssertionError: expected [https://www.saucedemo.com/v1/checkout-step-one.html] but found [https://www.saucedemo.com/v1/checkout-step-two.html]
at P04_CheckoutPageTC.checkOutalnumericLastName(P04_CheckoutPageTC.java:172)
at java.base/java.util.ArrayList.forEach(ArrayList.java:1596)
... Removed 35 stack frames]]>
    </failure>
  </testcase> <!-- checkOutalnumericLastName -->
  <testcase classname="P04_CheckoutPageTC" name="checkOutalphabeticalCharacterPostalCode" time="0.039"/>
  <testcase classname="P04_CheckoutPageTC" name="checkOutalphabeticalCharacterPostalCode" time="0.091"/>
  <testcase classname="P04_CheckoutPageTC" name="checkOutalphabeticalCharacterPostalCode" time="0.023"/>
  <testcase classname="P04_CheckoutPageTC" name="checkOutalphabeticalCharacterPostalCode" time="0.025"/>
  <testcase classname="P04_CheckoutPageTC" name="checkOutalphabeticalCharacterPostalCode" time="0.023"/>
  <testcase classname="P04_CheckoutPageTC" name="checkOutalphabeticalCharacterPostalCode" time="0.024"/>
  <testcase classname="P04_CheckoutPageTC" name="checkOutalphabeticalCharacterPostalCode" time="0.023"/>
  <testcase classname="P04_CheckoutPageTC" name="checkOutalphabeticalCharacterPostalCode" time="0.399">
    <failure type="java.lang.AssertionError" message="expected [https://www.saucedemo.com/v1/checkout-step-one.html] but found [https://www.saucedemo.com/v1/checkout-step-two.html]">
      <![CDATA[java.lang.AssertionError: expected [https://www.saucedemo.com/v1/checkout-step-one.html] but found [https://www.saucedemo.com/v1/checkout-step-two.html]
at P04_CheckoutPageTC.checkOutalphabeticalCharacterPostalCode(P04_CheckoutPageTC.java:145)
at java.base/java.util.ArrayList.forEach(ArrayList.java:1596)
... Removed 35 stack frames]]>
    </failure>
  </testcase> <!-- checkOutalphabeticalCharacterPostalCode -->
  <testcase classname="P04_CheckoutPageTC" name="checkOutalphabeticalCharacterPostalCode" time="0.033"/>
  <testcase classname="P04_CheckoutPageTC" name="checkOutalphabeticalCharacterPostalCode" time="0.03"/>
  <testcase classname="P04_CheckoutPageTC" name="checkOutspecialCharacterFirstName" time="0.03"/>
  <testcase classname="P04_CheckoutPageTC" name="checkOutspecialCharacterFirstName" time="0.023"/>
  <testcase classname="P04_CheckoutPageTC" name="checkOutspecialCharacterFirstName" time="0.022"/>
  <testcase classname="P04_CheckoutPageTC" name="checkOutspecialCharacterFirstName" time="0.024"/>
  <testcase classname="P04_CheckoutPageTC" name="checkOutspecialCharacterFirstName" time="0.363">
    <failure type="java.lang.AssertionError" message="expected [https://www.saucedemo.com/v1/checkout-step-one.html] but found [https://www.saucedemo.com/v1/checkout-step-two.html]">
      <![CDATA[java.lang.AssertionError: expected [https://www.saucedemo.com/v1/checkout-step-one.html] but found [https://www.saucedemo.com/v1/checkout-step-two.html]
at P04_CheckoutPageTC.checkOutspecialCharacterFirstName(P04_CheckoutPageTC.java:104)
at java.base/java.util.ArrayList.forEach(ArrayList.java:1596)
... Removed 35 stack frames]]>
    </failure>
  </testcase> <!-- checkOutspecialCharacterFirstName -->
  <testcase classname="P04_CheckoutPageTC" name="checkOutspecialCharacterFirstName" time="0.051"/>
  <testcase classname="P04_CheckoutPageTC" name="checkOutspecialCharacterFirstName" time="0.047"/>
  <testcase classname="P04_CheckoutPageTC" name="checkOutspecialCharacterFirstName" time="0.029"/>
  <testcase classname="P04_CheckoutPageTC" name="checkOutspecialCharacterFirstName" time="0.032"/>
  <testcase classname="P04_CheckoutPageTC" name="checkOutspecialCharacterFirstName" time="0.035"/>
  <testcase classname="P04_CheckoutPageTC" name="checkOutspecialCharacterLastName" time="0.028"/>
  <testcase classname="P04_CheckoutPageTC" name="checkOutspecialCharacterLastName" time="0.035"/>
  <testcase classname="P04_CheckoutPageTC" name="checkOutspecialCharacterLastName" time="0.035"/>
  <testcase classname="P04_CheckoutPageTC" name="checkOutspecialCharacterLastName" time="0.038"/>
  <testcase classname="P04_CheckoutPageTC" name="checkOutspecialCharacterLastName" time="0.029"/>
  <testcase classname="P04_CheckoutPageTC" name="checkOutspecialCharacterLastName" time="0.411">
    <failure type="java.lang.AssertionError" message="expected [https://www.saucedemo.com/v1/checkout-step-one.html] but found [https://www.saucedemo.com/v1/checkout-step-two.html]">
      <![CDATA[java.lang.AssertionError: expected [https://www.saucedemo.com/v1/checkout-step-one.html] but found [https://www.saucedemo.com/v1/checkout-step-two.html]
at P04_CheckoutPageTC.checkOutspecialCharacterLastName(P04_CheckoutPageTC.java:118)
at java.base/java.util.ArrayList.forEach(ArrayList.java:1596)
... Removed 35 stack frames]]>
    </failure>
  </testcase> <!-- checkOutspecialCharacterLastName -->
  <testcase classname="P04_CheckoutPageTC" name="checkOutspecialCharacterLastName" time="0.038"/>
  <testcase classname="P04_CheckoutPageTC" name="checkOutspecialCharacterLastName" time="0.03"/>
  <testcase classname="P04_CheckoutPageTC" name="checkOutspecialCharacterLastName" time="0.03"/>
  <testcase classname="P04_CheckoutPageTC" name="checkOutspecialCharacterLastName" time="0.03"/>
  <testcase classname="P04_CheckoutPageTC" name="checkOutspecialCharacterPostalCode" time="0.032"/>
  <testcase classname="P04_CheckoutPageTC" name="checkOutspecialCharacterPostalCode" time="0.032"/>
  <testcase classname="P04_CheckoutPageTC" name="checkOutspecialCharacterPostalCode" time="0.029"/>
  <testcase classname="P04_CheckoutPageTC" name="checkOutspecialCharacterPostalCode" time="0.028"/>
  <testcase classname="P04_CheckoutPageTC" name="checkOutspecialCharacterPostalCode" time="0.033"/>
  <testcase classname="P04_CheckoutPageTC" name="checkOutspecialCharacterPostalCode" time="0.03"/>
  <testcase classname="P04_CheckoutPageTC" name="checkOutspecialCharacterPostalCode" time="0.273">
    <failure type="java.lang.AssertionError" message="expected [https://www.saucedemo.com/v1/checkout-step-one.html] but found [https://www.saucedemo.com/v1/checkout-step-two.html]">
      <![CDATA[java.lang.AssertionError: expected [https://www.saucedemo.com/v1/checkout-step-one.html] but found [https://www.saucedemo.com/v1/checkout-step-two.html]
at P04_CheckoutPageTC.checkOutspecialCharacterPostalCode(P04_CheckoutPageTC.java:132)
at java.base/java.util.ArrayList.forEach(ArrayList.java:1596)
... Removed 35 stack frames]]>
    </failure>
  </testcase> <!-- checkOutspecialCharacterPostalCode -->
  <testcase classname="P04_CheckoutPageTC" name="checkOutspecialCharacterPostalCode" time="0.042"/>
  <testcase classname="P04_CheckoutPageTC" name="checkOutspecialCharacterPostalCode" time="0.028"/>
  <testcase classname="P04_CheckoutPageTC" name="checkOutspecialCharacterPostalCode" time="0.026"/>
  <testcase classname="TestComponent.BaseTest" name="@BeforeSuite launchBrowser" time="0.0">
    <ignored/>
  </testcase> <!-- @BeforeSuite launchBrowser -->
  <testcase classname="TestComponent.BaseTest" name="@AfterSuite closeBrowser" time="0.0">
    <ignored/>
  </testcase> <!-- @AfterSuite closeBrowser -->
  <testcase classname="TestComponent.BaseTest" name="@AfterSuite closeBrowser" time="0.0">
    <ignored/>
  </testcase> <!-- @AfterSuite closeBrowser -->
  <testcase classname="TestComponent.BaseTest" name="@BeforeSuite launchBrowser" time="0.0">
    <ignored/>
  </testcase> <!-- @BeforeSuite launchBrowser -->
  <testcase classname="TestComponent.BaseTest" name="@AfterSuite closeBrowser" time="0.0">
    <ignored/>
  </testcase> <!-- @AfterSuite closeBrowser -->
  <testcase classname="TestComponent.BaseTest" name="@BeforeSuite launchBrowser" time="0.0">
    <ignored/>
  </testcase> <!-- @BeforeSuite launchBrowser -->
</testsuite> <!-- AllTests -->
